Using pre-set license
Built from '2020.3/staging' branch; Version is '2020.3.19f1 (68f137dc9bbe) revision 6877495'; Using compiler version '192528614'; Build Type 'Release'
OS: 'Windows 10 Pro; OS build 19042.1348; Version 2009; 64bit' Language: 'ko' Physical Memory: 16265 MB
BatchMode: 1, IsHumanControllingUs: 0, StartBugReporterOnCrash: 0, Is64bit: 1, IsPro: 0

COMMAND LINE ARGUMENTS:
C:\Program Files\Unity\Hub\Editor\2020.3.19f1\Editor\Unity.exe
-adb2
-batchMode
-noUpm
-name
AssetImportWorker0
-projectPath
C:/Users/BBORIS/AppData/Local/Temp/0d7b74cef22dcf14f8e3356851fe8139
-logFile
Logs/AssetImportWorker0.log
-srvPort
54089
Successfully changed project path to: C:/Users/BBORIS/AppData/Local/Temp/0d7b74cef22dcf14f8e3356851fe8139
C:/Users/BBORIS/AppData/Local/Temp/0d7b74cef22dcf14f8e3356851fe8139
Using Asset Import Pipeline V2.
Refreshing native plugins compatible for Editor in 85.07 ms, found 2 plugins.
Preloading 0 native plugins for Editor in 0.00 ms.
Initialize engine version: 2020.3.19f1 (68f137dc9bbe)
[Subsystems] Discovering subsystems at path C:/Program Files/Unity/Hub/Editor/2020.3.19f1/Editor/Data/Resources/UnitySubsystems
[Subsystems] Discovering subsystems at path C:/Users/BBORIS/AppData/Local/Temp/0d7b74cef22dcf14f8e3356851fe8139/Assets
GfxDevice: creating device client; threaded=0
Direct3D:
    Version:  Direct3D 11.0 [level 11.1]
    Renderer: NVIDIA GeForce GTX 1050 (ID=0x1c8d)
    Vendor:   
    VRAM:     4021 MB
    Driver:   27.21.14.5709
Initialize mono
Mono path[0] = 'C:/Program Files/Unity/Hub/Editor/2020.3.19f1/Editor/Data/Managed'
Mono path[1] = 'C:/Program Files/Unity/Hub/Editor/2020.3.19f1/Editor/Data/MonoBleedingEdge/lib/mono/unityjit'
Mono config path = 'C:/Program Files/Unity/Hub/Editor/2020.3.19f1/Editor/Data/MonoBleedingEdge/etc'
Using monoOptions --debugger-agent=transport=dt_socket,embedding=1,server=y,suspend=n,address=127.0.0.1:56172
Begin MonoManager ReloadAssembly
Registering precompiled unity dll's ...
Register platform support module: C:/Program Files/Unity/Hub/Editor/2020.3.19f1/Editor/Data/PlaybackEngines/WindowsStandaloneSupport/UnityEditor.WindowsStandalone.Extensions.dll
Registered in 0.003734 seconds.
Native extension for WindowsStandalone target not found
Refreshing native plugins compatible for Editor in 62.66 ms, found 2 plugins.
Preloading 0 native plugins for Editor in 0.00 ms.
Mono: successfully reloaded assembly
- Completed reload, in  2.496 seconds
Domain Reload Profiling:
	ReloadAssembly (2497ms)
		BeginReloadAssembly (79ms)
			ExecutionOrderSort (0ms)
			DisableScriptedObjects (0ms)
			BackupInstance (0ms)
			ReleaseScriptingObjects (0ms)
			CreateAndSetChildDomain (1ms)
		EndReloadAssembly (551ms)
			LoadAssemblies (76ms)
			RebuildTransferFunctionScriptingTraits (0ms)
			SetupTypeCache (191ms)
			ReleaseScriptCaches (0ms)
			RebuildScriptCaches (34ms)
			SetupLoadedEditorAssemblies (232ms)
				LogAssemblyErrors (0ms)
				InitializePlatformSupportModulesInManaged (5ms)
				SetLoadedEditorAssemblies (0ms)
				RefreshPlugins (63ms)
				BeforeProcessingInitializeOnLoad (21ms)
				ProcessInitializeOnLoadAttributes (110ms)
				ProcessInitializeOnLoadMethodAttributes (33ms)
				AfterProcessingInitializeOnLoad (0ms)
				EditorAssembliesLoaded (0ms)
			ExecutionOrderSort2 (0ms)
			AwakeInstancesAfterBackupRestoration (0ms)
Platform modules already initialized, skipping
Registering precompiled user dll's ...
Registered in 0.007494 seconds.
Begin MonoManager ReloadAssembly
Native extension for WindowsStandalone target not found
Refreshing native plugins compatible for Editor in 0.58 ms, found 2 plugins.
Preloading 0 native plugins for Editor in 0.00 ms.
Mono: successfully reloaded assembly
- Completed reload, in  1.423 seconds
Domain Reload Profiling:
	ReloadAssembly (1424ms)
		BeginReloadAssembly (198ms)
			ExecutionOrderSort (0ms)
			DisableScriptedObjects (8ms)
			BackupInstance (0ms)
			ReleaseScriptingObjects (0ms)
			CreateAndSetChildDomain (24ms)
		EndReloadAssembly (1145ms)
			LoadAssemblies (129ms)
			RebuildTransferFunctionScriptingTraits (0ms)
			SetupTypeCache (405ms)
			ReleaseScriptCaches (1ms)
			RebuildScriptCaches (55ms)
			SetupLoadedEditorAssemblies (433ms)
				LogAssemblyErrors (0ms)
				InitializePlatformSupportModulesInManaged (6ms)
				SetLoadedEditorAssemblies (1ms)
				RefreshPlugins (1ms)
				BeforeProcessingInitializeOnLoad (116ms)
				ProcessInitializeOnLoadAttributes (285ms)
				ProcessInitializeOnLoadMethodAttributes (13ms)
				AfterProcessingInitializeOnLoad (11ms)
				EditorAssembliesLoaded (0ms)
			ExecutionOrderSort2 (0ms)
			AwakeInstancesAfterBackupRestoration (9ms)
Platform modules already initialized, skipping
========================================================================
Worker process is ready to serve import requests
Launched and connected shader compiler UnityShaderCompiler.exe after 0.12 seconds
Refreshing native plugins compatible for Editor in 0.67 ms, found 2 plugins.
Preloading 0 native plugins for Editor in 0.00 ms.
Unloading 1791 Unused Serialized files (Serialized files now loaded: 0)
System memory in use before: 81.2 MB.
System memory in use after: 81.3 MB.

Unloading 40 unused Assets to reduce memory usage. Loaded Objects now: 2212.
Total: 3.109800 ms (FindLiveObjects: 0.180100 ms CreateObjectMapping: 0.068500 ms MarkObjects: 2.782400 ms  DeleteObjects: 0.077500 ms)

AssetImportParameters requested are different than current active one (requested -> active):
  custom:framework-win-MediaFoundation: 216162199b28c13a410421893ffa2e32 -> 
  custom:video-decoder-ogg-theora: a1e56fd34408186e4bbccfd4996cb3dc -> 
  custom:container-muxer-webm: aa71ff27fc2769a1b78a27578f13a17b -> 
  custom:container-demuxer-webm: 4f35f7cbe854078d1ac9338744f61a02 -> 
  custom:container-demuxer-ogg: 62fdf1f143b41e24485cea50d1cbac27 -> 
  custom:video-encoder-webm-vp8: eb34c28f22e8b96e1ab97ce403110664 -> 
  custom:video-decoder-webm-vp8: 9c59270c3fd7afecdb556c50c9e8de78 -> 
  custom:audio-decoder-ogg-vorbis: bf7c407c2cedff20999df2af8eb42d56 -> 
  custom:audio-encoder-webm-vorbis: bf7c407c2cedff20999df2af8eb42d56 -> 
========================================================================
Received Import Request.
  path: Assets/Creator Kit - RPG/Scenes
  artifactKey: Guid(ea5d6fea1f9f4414aadc22fdbc51cc81) Importer(815301076,1909f56bfc062723c751e8b465ee728b)
Start importing Assets/Creator Kit - RPG/Scenes using Guid(ea5d6fea1f9f4414aadc22fdbc51cc81) Importer(815301076,1909f56bfc062723c751e8b465ee728b)  -> (artifact id: '250db5204122ee5d86d970790adbbaf7') in 0.012281 seconds 
  Import took 0.015902 seconds .

========================================================================
Received Import Request.
  Time since last request: 0.000195 seconds.
  path: Assets/Creator Kit - RPG/Scenes/SampleScene.unity
  artifactKey: Guid(2ea7383a0a8af431080e0aa251ee7115) Importer(815301076,1909f56bfc062723c751e8b465ee728b)
Start importing Assets/Creator Kit - RPG/Scenes/SampleScene.unity using Guid(2ea7383a0a8af431080e0aa251ee7115) Importer(815301076,1909f56bfc062723c751e8b465ee728b)  -> (artifact id: '115f3a89a8dfdb4f52cff04186205cc1') in 0.024111 seconds 
  Import took 0.027946 seconds .

========================================================================
Received Prepare
Registering precompiled user dll's ...
Registered in 0.007240 seconds.
Begin MonoManager ReloadAssembly
Native extension for WindowsStandalone target not found
Refreshing native plugins compatible for Editor in 0.60 ms, found 2 plugins.
Preloading 0 native plugins for Editor in 0.00 ms.
Mono: successfully reloaded assembly
- Completed reload, in  1.361 seconds
Domain Reload Profiling:
	ReloadAssembly (1361ms)
		BeginReloadAssembly (173ms)
			ExecutionOrderSort (0ms)
			DisableScriptedObjects (7ms)
			BackupInstance (0ms)
			ReleaseScriptingObjects (0ms)
			CreateAndSetChildDomain (49ms)
		EndReloadAssembly (1104ms)
			LoadAssemblies (144ms)
			RebuildTransferFunctionScriptingTraits (0ms)
			SetupTypeCache (353ms)
			ReleaseScriptCaches (1ms)
			RebuildScriptCaches (46ms)
			SetupLoadedEditorAssemblies (450ms)
				LogAssemblyErrors (0ms)
				InitializePlatformSupportModulesInManaged (7ms)
				SetLoadedEditorAssemblies (1ms)
				RefreshPlugins (1ms)
				BeforeProcessingInitializeOnLoad (165ms)
				ProcessInitializeOnLoadAttributes (259ms)
				ProcessInitializeOnLoadMethodAttributes (7ms)
				AfterProcessingInitializeOnLoad (10ms)
				EditorAssembliesLoaded (0ms)
			ExecutionOrderSort2 (0ms)
			AwakeInstancesAfterBackupRestoration (8ms)
Platform modules already initialized, skipping
Refreshing native plugins compatible for Editor in 0.67 ms, found 2 plugins.
Preloading 0 native plugins for Editor in 0.00 ms.
Unloading 1772 Unused Serialized files (Serialized files now loaded: 0)
System memory in use before: 79.8 MB.
System memory in use after: 79.9 MB.

Unloading 31 unused Assets to reduce memory usage. Loaded Objects now: 2214.
Total: 4.135200 ms (FindLiveObjects: 0.302400 ms CreateObjectMapping: 0.147900 ms MarkObjects: 3.587600 ms  DeleteObjects: 0.096200 ms)

AssetImportParameters requested are different than current active one (requested -> active):
  custom:framework-win-MediaFoundation: 216162199b28c13a410421893ffa2e32 -> 
  custom:video-decoder-ogg-theora: a1e56fd34408186e4bbccfd4996cb3dc -> 
  custom:container-muxer-webm: aa71ff27fc2769a1b78a27578f13a17b -> 
  custom:container-demuxer-webm: 4f35f7cbe854078d1ac9338744f61a02 -> 
  custom:container-demuxer-ogg: 62fdf1f143b41e24485cea50d1cbac27 -> 
  custom:video-encoder-webm-vp8: eb34c28f22e8b96e1ab97ce403110664 -> 
  custom:video-decoder-webm-vp8: 9c59270c3fd7afecdb556c50c9e8de78 -> 
  custom:audio-decoder-ogg-vorbis: bf7c407c2cedff20999df2af8eb42d56 -> 
  custom:audio-encoder-webm-vorbis: bf7c407c2cedff20999df2af8eb42d56 -> 
========================================================================
Received Import Request.
  Time since last request: 97.879985 seconds.
  path: Assets/Creator Kit - RPG/Scenes/BlankScene.unity
  artifactKey: Guid(6f7f323fbafea47d6b437a00d0d10d3d) Importer(815301076,1909f56bfc062723c751e8b465ee728b)
Start importing Assets/Creator Kit - RPG/Scenes/BlankScene.unity using Guid(6f7f323fbafea47d6b437a00d0d10d3d) Importer(815301076,1909f56bfc062723c751e8b465ee728b)  -> (artifact id: 'b67e8691e2636551423509e2c1a53a4a') in 0.019284 seconds 
  Import took 0.022692 seconds .

========================================================================
Received Import Request.
  Time since last request: 10.021318 seconds.
  path: Assets/Creator Kit - RPG/Scenes/BlankScene 1.unity
  artifactKey: Guid(ee35a9c4c6683634591b209088bbe5ea) Importer(815301076,1909f56bfc062723c751e8b465ee728b)
Start importing Assets/Creator Kit - RPG/Scenes/BlankScene 1.unity using Guid(ee35a9c4c6683634591b209088bbe5ea) Importer(815301076,1909f56bfc062723c751e8b465ee728b)  -> (artifact id: 'f0f706c410a19c990467c1223577f7f7') in 0.013718 seconds 
  Import took 0.018341 seconds .

========================================================================
Received Import Request.
  Time since last request: 706.380904 seconds.
  path: Assets/Creator Kit - RPG/Scenes/BlankScene2.unity
  artifactKey: Guid(ee35a9c4c6683634591b209088bbe5ea) Importer(815301076,1909f56bfc062723c751e8b465ee728b)
Start importing Assets/Creator Kit - RPG/Scenes/BlankScene2.unity using Guid(ee35a9c4c6683634591b209088bbe5ea) Importer(815301076,1909f56bfc062723c751e8b465ee728b)  -> (artifact id: '62b0d982789825edcbfa98a202c7da25') in 0.012651 seconds 
  Import took 0.017836 seconds .

========================================================================
Received Import Request.
  Time since last request: 1090.716966 seconds.
  path: Assets/Creator Kit - RPG/Art/TileMapPalettes/Tileset/HighGrassAnimated/HighGrass_Low.asset
  artifactKey: Guid(4cbdc7d6ba097b44581508371de29a1f) Importer(815301076,1909f56bfc062723c751e8b465ee728b)
Start importing Assets/Creator Kit - RPG/Art/TileMapPalettes/Tileset/HighGrassAnimated/HighGrass_Low.asset using Guid(4cbdc7d6ba097b44581508371de29a1f) Importer(815301076,1909f56bfc062723c751e8b465ee728b)  -> (artifact id: '7556ea14f09ba0767296e2e534abf76b') in 0.049344 seconds 
  Import took 0.053148 seconds .

========================================================================
Received Import Request.
  Time since last request: 0.001051 seconds.
  path: Assets/Creator Kit - RPG/Art/TileMapPalettes/Tileset/TilesRockCliff/RockCliff_1.asset
  artifactKey: Guid(a2d2992690622ea449a837c672b114c9) Importer(815301076,1909f56bfc062723c751e8b465ee728b)
Start importing Assets/Creator Kit - RPG/Art/TileMapPalettes/Tileset/TilesRockCliff/RockCliff_1.asset using Guid(a2d2992690622ea449a837c672b114c9) Importer(815301076,1909f56bfc062723c751e8b465ee728b)  -> (artifact id: 'a6023098d80701150928d9359732490e') in 0.093362 seconds 
  Import took 0.100067 seconds .

========================================================================
Received Import Request.
  Time since last request: 0.000461 seconds.
  path: Assets/Creator Kit - RPG/Art/TileMapPalettes/Tileset/TilesHouse/House_13.asset
  artifactKey: Guid(f9772c5c820f805478080b2679d15ca8) Importer(815301076,1909f56bfc062723c751e8b465ee728b)
Start importing Assets/Creator Kit - RPG/Art/TileMapPalettes/Tileset/TilesHouse/House_13.asset using Guid(f9772c5c820f805478080b2679d15ca8) Importer(815301076,1909f56bfc062723c751e8b465ee728b)  -> (artifact id: '9cdebd33dbf82f524623bec9c7468219') in 0.024320 seconds 
  Import took 0.029803 seconds .

========================================================================
Received Import Request.
  Time since last request: 0.000308 seconds.
  path: Assets/Creator Kit - RPG/Art/TileMapPalettes/Tileset/TilesHouse/House_10.asset
  artifactKey: Guid(55fd3c9980d9e9445a8703408f63eca6) Importer(815301076,1909f56bfc062723c751e8b465ee728b)
Start importing Assets/Creator Kit - RPG/Art/TileMapPalettes/Tileset/TilesHouse/House_10.asset using Guid(55fd3c9980d9e9445a8703408f63eca6) Importer(815301076,1909f56bfc062723c751e8b465ee728b)  -> (artifact id: 'e277470412209e2a0f2999e4a6c5159a') in 0.025309 seconds 
  Import took 0.030583 seconds .

========================================================================
Received Import Request.
  Time since last request: 0.000201 seconds.
  path: Assets/Creator Kit - RPG/Art/TileMapPalettes/Tileset/HighGrassAnimated/HighGrass_Top.asset
  artifactKey: Guid(e016b131819e0a5489be6708501eece6) Importer(815301076,1909f56bfc062723c751e8b465ee728b)
Start importing Assets/Creator Kit - RPG/Art/TileMapPalettes/Tileset/HighGrassAnimated/HighGrass_Top.asset using Guid(e016b131819e0a5489be6708501eece6) Importer(815301076,1909f56bfc062723c751e8b465ee728b)  -> (artifact id: 'f415e46696b2de06ef2ee4bc11962282') in 0.020418 seconds 
  Import took 0.024138 seconds .

========================================================================
Received Import Request.
  Time since last request: 0.000246 seconds.
  path: Assets/Creator Kit - RPG/Art/TileMapPalettes/Tileset/TilesHouse/House_24.asset
  artifactKey: Guid(f67df1d573866ec43b2108fc6bc69c40) Importer(815301076,1909f56bfc062723c751e8b465ee728b)
Start importing Assets/Creator Kit - RPG/Art/TileMapPalettes/Tileset/TilesHouse/House_24.asset using Guid(f67df1d573866ec43b2108fc6bc69c40) Importer(815301076,1909f56bfc062723c751e8b465ee728b)  -> (artifact id: '8059d69e0b41bac631a21e62d471f1aa') in 0.016818 seconds 
  Import took 0.020580 seconds .

========================================================================
Received Import Request.
  Time since last request: 0.000213 seconds.
  path: Assets/Creator Kit - RPG/Art/TileMapPalettes/Tileset/TilesHouse/House_2.asset
  artifactKey: Guid(eff74f5df34bd6347a7657a19e0f045b) Importer(815301076,1909f56bfc062723c751e8b465ee728b)
Start importing Assets/Creator Kit - RPG/Art/TileMapPalettes/Tileset/TilesHouse/House_2.asset using Guid(eff74f5df34bd6347a7657a19e0f045b) Importer(815301076,1909f56bfc062723c751e8b465ee728b)  -> (artifact id: '1a5532c66a12f4fec37c497894cf0e02') in 0.020222 seconds 
  Import took 0.024327 seconds .

========================================================================
Received Import Request.
  Time since last request: 0.001357 seconds.
  path: Assets/Creator Kit - RPG/Art/TileMapPalettes/Tileset/TilesHouse/House_14.asset
  artifactKey: Guid(2140f8fd7e913cc40b70b089d3c39301) Importer(815301076,1909f56bfc062723c751e8b465ee728b)
Start importing Assets/Creator Kit - RPG/Art/TileMapPalettes/Tileset/TilesHouse/House_14.asset using Guid(2140f8fd7e913cc40b70b089d3c39301) Importer(815301076,1909f56bfc062723c751e8b465ee728b)  -> (artifact id: '50c7d8752d91364570e55f22dda8adba') in 0.018205 seconds 
  Import took 0.022885 seconds .

========================================================================
Received Import Request.
  Time since last request: 0.000500 seconds.
  path: Assets/Creator Kit - RPG/Art/TileMapPalettes/Tileset/TilesHouse/House_20.asset
  artifactKey: Guid(efac06dd2ef096d418d71b9d51ffb1ea) Importer(815301076,1909f56bfc062723c751e8b465ee728b)
Start importing Assets/Creator Kit - RPG/Art/TileMapPalettes/Tileset/TilesHouse/House_20.asset using Guid(efac06dd2ef096d418d71b9d51ffb1ea) Importer(815301076,1909f56bfc062723c751e8b465ee728b)  -> (artifact id: 'ee8329ed9b946ccc8aee0a88e8f68fbd') in 0.026807 seconds 
  Import took 0.031680 seconds .

========================================================================
Received Import Request.
  Time since last request: 0.000191 seconds.
  path: Assets/Creator Kit - RPG/Art/TileMapPalettes/Tileset/TilesHouse/House_27.asset
  artifactKey: Guid(39db9418cc9e4284abb2347a27ec682a) Importer(815301076,1909f56bfc062723c751e8b465ee728b)
Start importing Assets/Creator Kit - RPG/Art/TileMapPalettes/Tileset/TilesHouse/House_27.asset using Guid(39db9418cc9e4284abb2347a27ec682a) Importer(815301076,1909f56bfc062723c751e8b465ee728b)  -> (artifact id: '502185ca1720238f281f0e95ad5240d4') in 0.022563 seconds 
  Import took 0.030425 seconds .

========================================================================
Received Import Request.
  Time since last request: 0.000276 seconds.
  path: Assets/Creator Kit - RPG/Art/TileMapPalettes/Tileset/TilesRockCliff/RockCliff_2.asset
  artifactKey: Guid(46e726b023c0ceb48856572e1044a4a4) Importer(815301076,1909f56bfc062723c751e8b465ee728b)
Start importing Assets/Creator Kit - RPG/Art/TileMapPalettes/Tileset/TilesRockCliff/RockCliff_2.asset using Guid(46e726b023c0ceb48856572e1044a4a4) Importer(815301076,1909f56bfc062723c751e8b465ee728b)  -> (artifact id: '56459149978b03bec5d33b30929d4417') in 0.025021 seconds 
  Import took 0.029227 seconds .

========================================================================
Received Import Request.
  Time since last request: 0.000877 seconds.
  path: Assets/Creator Kit - RPG/Art/TileMapPalettes/Tileset/HighGrassAnimated/HighGrass_TopRight.asset
  artifactKey: Guid(c7d496a947528e541a753ab03052c062) Importer(815301076,1909f56bfc062723c751e8b465ee728b)
Start importing Assets/Creator Kit - RPG/Art/TileMapPalettes/Tileset/HighGrassAnimated/HighGrass_TopRight.asset using Guid(c7d496a947528e541a753ab03052c062) Importer(815301076,1909f56bfc062723c751e8b465ee728b)  -> (artifact id: 'c38ff74829827a462a68365b89ec8126') in 0.012693 seconds 
  Import took 0.017210 seconds .

========================================================================
Received Import Request.
  Time since last request: 0.000214 seconds.
  path: Assets/Creator Kit - RPG/Art/TileMapPalettes/Tileset/TilesHouse/House_23.asset
  artifactKey: Guid(4bc1be062a87a8148beaaf912549270f) Importer(815301076,1909f56bfc062723c751e8b465ee728b)
Start importing Assets/Creator Kit - RPG/Art/TileMapPalettes/Tileset/TilesHouse/House_23.asset using Guid(4bc1be062a87a8148beaaf912549270f) Importer(815301076,1909f56bfc062723c751e8b465ee728b)  -> (artifact id: '8c133845e174be8cbfef2afc0f3fe845') in 0.027573 seconds 
  Import took 0.033177 seconds .

========================================================================
Received Import Request.
  Time since last request: 0.000492 seconds.
  path: Assets/Creator Kit - RPG/Art/TileMapPalettes/Tileset/TilesHouse/House_17.asset
  artifactKey: Guid(fabd1e77ff063724ba794664a9f6ef2a) Importer(815301076,1909f56bfc062723c751e8b465ee728b)
Start importing Assets/Creator Kit - RPG/Art/TileMapPalettes/Tileset/TilesHouse/House_17.asset using Guid(fabd1e77ff063724ba794664a9f6ef2a) Importer(815301076,1909f56bfc062723c751e8b465ee728b)  -> (artifact id: 'bde4d2b816fb1e3e3e3f6b1ac5260dd3') in 0.028278 seconds 
  Import took 0.034761 seconds .

========================================================================
Received Import Request.
  Time since last request: 0.000255 seconds.
  path: Assets/Creator Kit - RPG/Art/TileMapPalettes/Tileset/TilesHouse/House_18.asset
  artifactKey: Guid(32e31e4fe49e615408e92d3021da3e94) Importer(815301076,1909f56bfc062723c751e8b465ee728b)
Start importing Assets/Creator Kit - RPG/Art/TileMapPalettes/Tileset/TilesHouse/House_18.asset using Guid(32e31e4fe49e615408e92d3021da3e94) Importer(815301076,1909f56bfc062723c751e8b465ee728b)  -> (artifact id: '8d2c976e478d293179ae24220c8463b7') in 0.018825 seconds 
  Import took 0.024038 seconds .

========================================================================
Received Import Request.
  Time since last request: 0.000161 seconds.
  path: Assets/Creator Kit - RPG/Art/TileMapPalettes/Tileset/TilesHouse/House_4.asset
  artifactKey: Guid(aef04ea75ddb70946a81d06e1057fc67) Importer(815301076,1909f56bfc062723c751e8b465ee728b)
Start importing Assets/Creator Kit - RPG/Art/TileMapPalettes/Tileset/TilesHouse/House_4.asset using Guid(aef04ea75ddb70946a81d06e1057fc67) Importer(815301076,1909f56bfc062723c751e8b465ee728b)  -> (artifact id: '932d06ed54d97a6562eb7320316bb202') in 0.023555 seconds 
  Import took 0.027445 seconds .

========================================================================
Received Import Request.
  Time since last request: 0.000207 seconds.
  path: Assets/Creator Kit - RPG/Art/TileMapPalettes/Tileset/TilesRockCliff/RockCliff_4.asset
  artifactKey: Guid(0a6471337a5a8624bb939f7def02bc1e) Importer(815301076,1909f56bfc062723c751e8b465ee728b)
Start importing Assets/Creator Kit - RPG/Art/TileMapPalettes/Tileset/TilesRockCliff/RockCliff_4.asset using Guid(0a6471337a5a8624bb939f7def02bc1e) Importer(815301076,1909f56bfc062723c751e8b465ee728b)  -> (artifact id: 'f040786f8d432bb60286ff3761f5bdde') in 0.028000 seconds 
  Import took 0.031502 seconds .

========================================================================
Received Import Request.
  Time since last request: 0.000202 seconds.
  path: Assets/Creator Kit - RPG/Art/TileMapPalettes/Tileset/TilesHouse/House_0.asset
  artifactKey: Guid(e6183a22238c5be439c20cdb7eacfe04) Importer(815301076,1909f56bfc062723c751e8b465ee728b)
Start importing Assets/Creator Kit - RPG/Art/TileMapPalettes/Tileset/TilesHouse/House_0.asset using Guid(e6183a22238c5be439c20cdb7eacfe04) Importer(815301076,1909f56bfc062723c751e8b465ee728b)  -> (artifact id: 'd41d6906f3532162fe7722b5c6e99293') in 0.018193 seconds 
  Import took 0.022115 seconds .

========================================================================
Received Import Request.
  Time since last request: 0.000257 seconds.
  path: Assets/Creator Kit - RPG/Art/TileMapPalettes/Tileset/TilesHouse/House_1.asset
  artifactKey: Guid(7b9ed59164c678b4f8cdc5b1e3aac796) Importer(815301076,1909f56bfc062723c751e8b465ee728b)
Start importing Assets/Creator Kit - RPG/Art/TileMapPalettes/Tileset/TilesHouse/House_1.asset using Guid(7b9ed59164c678b4f8cdc5b1e3aac796) Importer(815301076,1909f56bfc062723c751e8b465ee728b)  -> (artifact id: '801a129acb35cc6726f19f49d0cd45cb') in 0.020397 seconds 
  Import took 0.025056 seconds .

========================================================================
Received Import Request.
  Time since last request: 0.000231 seconds.
  path: Assets/Creator Kit - RPG/Art/TileMapPalettes/Tileset/TilesHouse/House_22.asset
  artifactKey: Guid(95d91b069d3eba44abc86ac87c8a411c) Importer(815301076,1909f56bfc062723c751e8b465ee728b)
Start importing Assets/Creator Kit - RPG/Art/TileMapPalettes/Tileset/TilesHouse/House_22.asset using Guid(95d91b069d3eba44abc86ac87c8a411c) Importer(815301076,1909f56bfc062723c751e8b465ee728b)  -> (artifact id: '310870a9a002f25180af6c37dcbfaf2f') in 0.026500 seconds 
  Import took 0.030476 seconds .

========================================================================
Received Import Request.
  Time since last request: 0.000327 seconds.
  path: Assets/Creator Kit - RPG/Art/TileMapPalettes/Tileset/TilesHouse/House_12.asset
  artifactKey: Guid(2c02709d7d3200144bac4dbfc1c52b78) Importer(815301076,1909f56bfc062723c751e8b465ee728b)
Start importing Assets/Creator Kit - RPG/Art/TileMapPalettes/Tileset/TilesHouse/House_12.asset using Guid(2c02709d7d3200144bac4dbfc1c52b78) Importer(815301076,1909f56bfc062723c751e8b465ee728b)  -> (artifact id: 'be325197e5ff7c3c801f4aee66ed85f4') in 0.018357 seconds 
  Import took 0.023135 seconds .

========================================================================
Received Import Request.
  Time since last request: 0.000334 seconds.
  path: Assets/Creator Kit - RPG/Art/TileMapPalettes/Tileset/TilesHouse/House_5.asset
  artifactKey: Guid(4c0813a59f775724a8cd07ac780b3a70) Importer(815301076,1909f56bfc062723c751e8b465ee728b)
Start importing Assets/Creator Kit - RPG/Art/TileMapPalettes/Tileset/TilesHouse/House_5.asset using Guid(4c0813a59f775724a8cd07ac780b3a70) Importer(815301076,1909f56bfc062723c751e8b465ee728b)  -> (artifact id: '4996e640335ca7c16c35042acc2037dd') in 0.018139 seconds 
  Import took 0.021993 seconds .

========================================================================
Received Import Request.
  Time since last request: 0.000203 seconds.
  path: Assets/Creator Kit - RPG/Art/TileMapPalettes/Tileset/TilesHouse/House_26.asset
  artifactKey: Guid(b11e33b55ae129f4c92d1465f66e92cb) Importer(815301076,1909f56bfc062723c751e8b465ee728b)
Start importing Assets/Creator Kit - RPG/Art/TileMapPalettes/Tileset/TilesHouse/House_26.asset using Guid(b11e33b55ae129f4c92d1465f66e92cb) Importer(815301076,1909f56bfc062723c751e8b465ee728b)  -> (artifact id: '7d0edd16410387239d1b3cf1fd18440c') in 0.027376 seconds 
  Import took 0.030588 seconds .

========================================================================
Received Import Request.
  Time since last request: 0.000214 seconds.
  path: Assets/Creator Kit - RPG/Art/TileMapPalettes/Tileset/TilesHouse/House_30.asset
  artifactKey: Guid(b1f04182134f59140a02ee10e80a58b8) Importer(815301076,1909f56bfc062723c751e8b465ee728b)
Start importing Assets/Creator Kit - RPG/Art/TileMapPalettes/Tileset/TilesHouse/House_30.asset using Guid(b1f04182134f59140a02ee10e80a58b8) Importer(815301076,1909f56bfc062723c751e8b465ee728b)  -> (artifact id: '4a4dfa3512dbcf5a7e8579b70c59a2ea') in 0.019995 seconds 
  Import took 0.025971 seconds .

========================================================================
Received Import Request.
  Time since last request: 0.000258 seconds.
  path: Assets/Creator Kit - RPG/Art/TileMapPalettes/Tileset/TilesHouse/House_8.asset
  artifactKey: Guid(e91c00a52e43b5d44bffa903886d28b7) Importer(815301076,1909f56bfc062723c751e8b465ee728b)
Start importing Assets/Creator Kit - RPG/Art/TileMapPalettes/Tileset/TilesHouse/House_8.asset using Guid(e91c00a52e43b5d44bffa903886d28b7) Importer(815301076,1909f56bfc062723c751e8b465ee728b)  -> (artifact id: 'ede90a969ed966b78bd0178f2ca68189') in 0.018538 seconds 
  Import took 0.023613 seconds .

========================================================================
Received Import Request.
  Time since last request: 0.000381 seconds.
  path: Assets/Creator Kit - RPG/Art/TileMapPalettes/Tileset/HighGrassAnimated/HighGrass_LowLeft.asset
  artifactKey: Guid(83932b919b40628459b112fb8ed03a50) Importer(815301076,1909f56bfc062723c751e8b465ee728b)
Start importing Assets/Creator Kit - RPG/Art/TileMapPalettes/Tileset/HighGrassAnimated/HighGrass_LowLeft.asset using Guid(83932b919b40628459b112fb8ed03a50) Importer(815301076,1909f56bfc062723c751e8b465ee728b)  -> (artifact id: 'ff797e859dde71bae3922e6a14175037') in 0.013765 seconds 
  Import took 0.017698 seconds .

========================================================================
Received Import Request.
  Time since last request: 0.000262 seconds.
  path: Assets/Creator Kit - RPG/Art/TileMapPalettes/Tileset/TilesHouse/House_11.asset
  artifactKey: Guid(544998164e2e69d46b6e978517fc9849) Importer(815301076,1909f56bfc062723c751e8b465ee728b)
Start importing Assets/Creator Kit - RPG/Art/TileMapPalettes/Tileset/TilesHouse/House_11.asset using Guid(544998164e2e69d46b6e978517fc9849) Importer(815301076,1909f56bfc062723c751e8b465ee728b)  -> (artifact id: '1c175937953db318c7c2afeee6449d70') in 0.020746 seconds 
  Import took 0.024411 seconds .

========================================================================
Received Import Request.
  Time since last request: 0.000290 seconds.
  path: Assets/Creator Kit - RPG/Art/TileMapPalettes/Tileset/TilesHouse/House_21.asset
  artifactKey: Guid(a1d6f9c658616fc4c9ef8f5e45eef79b) Importer(815301076,1909f56bfc062723c751e8b465ee728b)
Start importing Assets/Creator Kit - RPG/Art/TileMapPalettes/Tileset/TilesHouse/House_21.asset using Guid(a1d6f9c658616fc4c9ef8f5e45eef79b) Importer(815301076,1909f56bfc062723c751e8b465ee728b)  -> (artifact id: '8aff46b4e09fce41bb87e65e4e97556e') in 0.022278 seconds 
  Import took 0.026583 seconds .

========================================================================
Received Import Request.
  Time since last request: 0.000285 seconds.
  path: Assets/Creator Kit - RPG/Art/TileMapPalettes/Tileset/HighGrassAnimated/HighGrass_Mid.asset
  artifactKey: Guid(ca8020a2c5611a74dbb23618205c716d) Importer(815301076,1909f56bfc062723c751e8b465ee728b)
Start importing Assets/Creator Kit - RPG/Art/TileMapPalettes/Tileset/HighGrassAnimated/HighGrass_Mid.asset using Guid(ca8020a2c5611a74dbb23618205c716d) Importer(815301076,1909f56bfc062723c751e8b465ee728b)  -> (artifact id: '9e731dcac09888cc31aae91319eafbb7') in 0.011297 seconds 
  Import took 0.016326 seconds .

========================================================================
Received Import Request.
  Time since last request: 0.000304 seconds.
  path: Assets/Creator Kit - RPG/Art/TileMapPalettes/Tileset/TilesHouse/House_15.asset
  artifactKey: Guid(a11ba5d48cad7b748905577cfc84d90b) Importer(815301076,1909f56bfc062723c751e8b465ee728b)
Start importing Assets/Creator Kit - RPG/Art/TileMapPalettes/Tileset/TilesHouse/House_15.asset using Guid(a11ba5d48cad7b748905577cfc84d90b) Importer(815301076,1909f56bfc062723c751e8b465ee728b)  -> (artifact id: '5dac08db2c1850a78f64c3d769679151') in 0.019287 seconds 
  Import took 0.026366 seconds .

========================================================================
Received Import Request.
  Time since last request: 0.000301 seconds.
  path: Assets/Creator Kit - RPG/Art/TileMapPalettes/Tileset/HighGrassAnimated/HighGrass_LowRight.asset
  artifactKey: Guid(93751ebe5ddd18d4d900477e628ad3d7) Importer(815301076,1909f56bfc062723c751e8b465ee728b)
Start importing Assets/Creator Kit - RPG/Art/TileMapPalettes/Tileset/HighGrassAnimated/HighGrass_LowRight.asset using Guid(93751ebe5ddd18d4d900477e628ad3d7) Importer(815301076,1909f56bfc062723c751e8b465ee728b)  -> (artifact id: '57b30bbe0930e5010ad5e8bdff17d0fd') in 0.012799 seconds 
  Import took 0.016522 seconds .

========================================================================
Received Import Request.
  Time since last request: 0.000278 seconds.
  path: Assets/Creator Kit - RPG/Art/TileMapPalettes/Tileset/TilesHouse/House_6.asset
  artifactKey: Guid(9d69f76605d0aae4bb9294e1d9baa57a) Importer(815301076,1909f56bfc062723c751e8b465ee728b)
Start importing Assets/Creator Kit - RPG/Art/TileMapPalettes/Tileset/TilesHouse/House_6.asset using Guid(9d69f76605d0aae4bb9294e1d9baa57a) Importer(815301076,1909f56bfc062723c751e8b465ee728b)  -> (artifact id: '901b7ad2015457636909d2d4c1b763aa') in 0.023130 seconds 
  Import took 0.027247 seconds .

========================================================================
Received Import Request.
  Time since last request: 0.000319 seconds.
  path: Assets/Creator Kit - RPG/Art/TileMapPalettes/Tileset/TilesRockCliff/RockCliff_3.asset
  artifactKey: Guid(3e1d536792368ba418f98f1c4fb9734a) Importer(815301076,1909f56bfc062723c751e8b465ee728b)
Start importing Assets/Creator Kit - RPG/Art/TileMapPalettes/Tileset/TilesRockCliff/RockCliff_3.asset using Guid(3e1d536792368ba418f98f1c4fb9734a) Importer(815301076,1909f56bfc062723c751e8b465ee728b)  -> (artifact id: '2a1bd54f869d62ef7ce3bee4bf577b3e') in 0.026129 seconds 
  Import took 0.031957 seconds .

========================================================================
Received Import Request.
  Time since last request: 0.000358 seconds.
  path: Assets/Creator Kit - RPG/Art/TileMapPalettes/Tileset/HighGrassAnimated/HighGrass_MidLeft.asset
  artifactKey: Guid(a3309fed9bdb27046b0c97fb03afa313) Importer(815301076,1909f56bfc062723c751e8b465ee728b)
Start importing Assets/Creator Kit - RPG/Art/TileMapPalettes/Tileset/HighGrassAnimated/HighGrass_MidLeft.asset using Guid(a3309fed9bdb27046b0c97fb03afa313) Importer(815301076,1909f56bfc062723c751e8b465ee728b)  -> (artifact id: 'b50288e92e3b5ba6756195193e5f3d31') in 0.014334 seconds 
  Import took 0.018293 seconds .

========================================================================
Received Import Request.
  Time since last request: 0.000088 seconds.
  path: Assets/Creator Kit - RPG/Art/TileMapPalettes/Tileset/HighGrassAnimated/HighGrass_TopLeft.asset
  artifactKey: Guid(f3c6c8b331a9fe841bd017599e8ed660) Importer(815301076,1909f56bfc062723c751e8b465ee728b)
Start importing Assets/Creator Kit - RPG/Art/TileMapPalettes/Tileset/HighGrassAnimated/HighGrass_TopLeft.asset using Guid(f3c6c8b331a9fe841bd017599e8ed660) Importer(815301076,1909f56bfc062723c751e8b465ee728b)  -> (artifact id: 'c02ae8168f557ca5c78617fdfcabcb64') in 0.014772 seconds 
  Import took 0.019280 seconds .

========================================================================
Received Import Request.
  Time since last request: 0.000363 seconds.
  path: Assets/Creator Kit - RPG/Art/TileMapPalettes/Tileset/TilesHouse/House_28.asset
  artifactKey: Guid(b79191cff7a4f1d4086967ae25047dbb) Importer(815301076,1909f56bfc062723c751e8b465ee728b)
Start importing Assets/Creator Kit - RPG/Art/TileMapPalettes/Tileset/TilesHouse/House_28.asset using Guid(b79191cff7a4f1d4086967ae25047dbb) Importer(815301076,1909f56bfc062723c751e8b465ee728b)  -> (artifact id: '7cd577c3fc1688c45fb34d9a1cf7a636') in 0.020332 seconds 
  Import took 0.023979 seconds .

========================================================================
Received Import Request.
  Time since last request: 0.000403 seconds.
  path: Assets/Creator Kit - RPG/Art/TileMapPalettes/Tileset/TilesRockCliff/RockCliff_0.asset
  artifactKey: Guid(227e5edaa69fef1418dfe8c5451214f5) Importer(815301076,1909f56bfc062723c751e8b465ee728b)
Start importing Assets/Creator Kit - RPG/Art/TileMapPalettes/Tileset/TilesRockCliff/RockCliff_0.asset using Guid(227e5edaa69fef1418dfe8c5451214f5) Importer(815301076,1909f56bfc062723c751e8b465ee728b)  -> (artifact id: '1b33276b6c8a020dbafb86997da78cde') in 0.018722 seconds 
  Import took 0.024434 seconds .

========================================================================
Received Import Request.
  Time since last request: 0.000229 seconds.
  path: Assets/Creator Kit - RPG/Art/Tiles/Tiles_Desert_0.asset
  artifactKey: Guid(4e24a674490620c4eb878a731a865d91) Importer(815301076,1909f56bfc062723c751e8b465ee728b)
Start importing Assets/Creator Kit - RPG/Art/Tiles/Tiles_Desert_0.asset using Guid(4e24a674490620c4eb878a731a865d91) Importer(815301076,1909f56bfc062723c751e8b465ee728b)  -> (artifact id: '1a59166e78350ad85929d4798840b2aa') in 0.021356 seconds 
  Import took 0.025566 seconds .

========================================================================
Received Import Request.
  Time since last request: 0.000470 seconds.
  path: Assets/Creator Kit - RPG/Art/TileMapPalettes/Tileset/TilesHouse/House_25.asset
  artifactKey: Guid(854fa2a33263d4e428cd0242d7ad2dd2) Importer(815301076,1909f56bfc062723c751e8b465ee728b)
Start importing Assets/Creator Kit - RPG/Art/TileMapPalettes/Tileset/TilesHouse/House_25.asset using Guid(854fa2a33263d4e428cd0242d7ad2dd2) Importer(815301076,1909f56bfc062723c751e8b465ee728b)  -> (artifact id: 'e17ca1fc32b4f396419ef51e692d5688') in 0.020436 seconds 
  Import took 0.024398 seconds .

========================================================================
Received Import Request.
  Time since last request: 0.000222 seconds.
  path: Assets/Creator Kit - RPG/Art/Tiles/House_9.asset
  artifactKey: Guid(5b1834ec8bad8404d859e5301c7a475d) Importer(815301076,1909f56bfc062723c751e8b465ee728b)
Start importing Assets/Creator Kit - RPG/Art/Tiles/House_9.asset using Guid(5b1834ec8bad8404d859e5301c7a475d) Importer(815301076,1909f56bfc062723c751e8b465ee728b)  -> (artifact id: '7cf5a0a49cc3703c77822bcb0b39f192') in 0.022298 seconds 
  Import took 0.027193 seconds .

========================================================================
Received Import Request.
  Time since last request: 0.000256 seconds.
  path: Assets/Creator Kit - RPG/Art/TileMapPalettes/Tileset/TilesHouse/House_7.asset
  artifactKey: Guid(6198faa2b044d3b4caa6477a4da3f57b) Importer(815301076,1909f56bfc062723c751e8b465ee728b)
Start importing Assets/Creator Kit - RPG/Art/TileMapPalettes/Tileset/TilesHouse/House_7.asset using Guid(6198faa2b044d3b4caa6477a4da3f57b) Importer(815301076,1909f56bfc062723c751e8b465ee728b)  -> (artifact id: 'c92a89079917d1c588e904e79c47fd51') in 0.018917 seconds 
  Import took 0.023215 seconds .

========================================================================
Received Import Request.
  Time since last request: 0.000214 seconds.
  path: Assets/Creator Kit - RPG/Art/TileMapPalettes/Tileset/TilesHouse/House_29.asset
  artifactKey: Guid(861262ce7f7f4514f8c33dff809ea4ac) Importer(815301076,1909f56bfc062723c751e8b465ee728b)
Start importing Assets/Creator Kit - RPG/Art/TileMapPalettes/Tileset/TilesHouse/House_29.asset using Guid(861262ce7f7f4514f8c33dff809ea4ac) Importer(815301076,1909f56bfc062723c751e8b465ee728b)  -> (artifact id: '3632101722b6402cc37f7111b130830b') in 0.027617 seconds 
  Import took 0.031087 seconds .

========================================================================
Received Import Request.
  Time since last request: 0.000214 seconds.
  path: Assets/Creator Kit - RPG/Art/TileMapPalettes/Tileset/TilesHouse/House_16.asset
  artifactKey: Guid(bd7e98490ec945b4bb24bc1956d51d8a) Importer(815301076,1909f56bfc062723c751e8b465ee728b)
Start importing Assets/Creator Kit - RPG/Art/TileMapPalettes/Tileset/TilesHouse/House_16.asset using Guid(bd7e98490ec945b4bb24bc1956d51d8a) Importer(815301076,1909f56bfc062723c751e8b465ee728b)  -> (artifact id: '48624a46677103c2e4c368cca39d4f33') in 0.017246 seconds 
  Import took 0.020746 seconds .

========================================================================
Received Import Request.
  Time since last request: 0.000213 seconds.
  path: Assets/Creator Kit - RPG/Art/TileMapPalettes/Tileset/TilesHouse/House_3.asset
  artifactKey: Guid(14094af5889f615408ade3ec7a7f69b6) Importer(815301076,1909f56bfc062723c751e8b465ee728b)
Start importing Assets/Creator Kit - RPG/Art/TileMapPalettes/Tileset/TilesHouse/House_3.asset using Guid(14094af5889f615408ade3ec7a7f69b6) Importer(815301076,1909f56bfc062723c751e8b465ee728b)  -> (artifact id: '6f333bbec79935d79efb516e3155a6a7') in 0.018828 seconds 
  Import took 0.023669 seconds .

========================================================================
Received Import Request.
  Time since last request: 0.000231 seconds.
  path: Assets/Creator Kit - RPG/Art/TileMapPalettes/Tileset/HighGrassAnimated/HighGrass_MidRight.asset
  artifactKey: Guid(e400a0b2660d36744af875a6ef93432a) Importer(815301076,1909f56bfc062723c751e8b465ee728b)
Start importing Assets/Creator Kit - RPG/Art/TileMapPalettes/Tileset/HighGrassAnimated/HighGrass_MidRight.asset using Guid(e400a0b2660d36744af875a6ef93432a) Importer(815301076,1909f56bfc062723c751e8b465ee728b)  -> (artifact id: 'f2df0c2316e1e00fd6a941e030a92b73') in 0.010155 seconds 
  Import took 0.015727 seconds .

========================================================================
Received Import Request.
  Time since last request: 0.000322 seconds.
  path: Assets/Creator Kit - RPG/Art/TileMapPalettes/Tileset/TilesHouse/House_9.asset
  artifactKey: Guid(cf8644a07dc5df94facb29dd9ba871ab) Importer(815301076,1909f56bfc062723c751e8b465ee728b)
Start importing Assets/Creator Kit - RPG/Art/TileMapPalettes/Tileset/TilesHouse/House_9.asset using Guid(cf8644a07dc5df94facb29dd9ba871ab) Importer(815301076,1909f56bfc062723c751e8b465ee728b)  -> (artifact id: 'eafba963a6161f9f861baa4a8508011b') in 0.009975 seconds 
  Import took 0.016325 seconds .

========================================================================
Received Import Request.
  Time since last request: 0.000312 seconds.
  path: Assets/Creator Kit - RPG/Art/TileMapPalettes/Tileset/TilesHouse/House_31.asset
  artifactKey: Guid(d29521fda3e850443a35a2db56ead2fc) Importer(815301076,1909f56bfc062723c751e8b465ee728b)
Start importing Assets/Creator Kit - RPG/Art/TileMapPalettes/Tileset/TilesHouse/House_31.asset using Guid(d29521fda3e850443a35a2db56ead2fc) Importer(815301076,1909f56bfc062723c751e8b465ee728b)  -> (artifact id: '969a51b51341dc9a3346b96d9a5927b4') in 0.019297 seconds 
  Import took 0.022552 seconds .

========================================================================
Received Import Request.
  Time since last request: 0.000206 seconds.
  path: Assets/Creator Kit - RPG/Art/TileMapPalettes/Tileset/TilesHouse/House_19.asset
  artifactKey: Guid(275c7dfc49d5e5c42b85c4145a519730) Importer(815301076,1909f56bfc062723c751e8b465ee728b)
Start importing Assets/Creator Kit - RPG/Art/TileMapPalettes/Tileset/TilesHouse/House_19.asset using Guid(275c7dfc49d5e5c42b85c4145a519730) Importer(815301076,1909f56bfc062723c751e8b465ee728b)  -> (artifact id: '9eb1a8a5c8c0f897a2f5a1111d6a57d7') in 0.016891 seconds 
  Import took 0.020751 seconds .

AssetImportWorkerClient::OnTransportError - code=2 error=End of file
